This file contains any messages produced by compilers while
running configure, to aid debugging if configure makes a mistake.

It was created by onig configure 5.9.3, which was
generated by GNU Autoconf 2.65.  Invocation command line was

  $ ./configure 

## --------- ##
## Platform. ##
## --------- ##

hostname = sylphs
uname -m = i686
uname -r = 3.2.0-33-generic-pae
uname -s = Linux
uname -v = #52-Ubuntu SMP Thu Oct 18 16:39:21 UTC 2012

/usr/bin/uname -p = unknown
/bin/uname -X     = unknown

/bin/arch              = unknown
/usr/bin/arch -k       = unknown
/usr/convex/getsysinfo = unknown
/usr/bin/hostinfo      = unknown
/bin/machine           = unknown
/usr/bin/oslevel       = unknown
/bin/universe          = unknown

PATH: /home/sylphs/perl5/bin
PATH: /usr/lib/lightdm/lightdm
PATH: /usr/local/sbin
PATH: /usr/local/bin
PATH: /usr/sbin
PATH: /usr/bin
PATH: /sbin
PATH: /bin
PATH: /usr/games


## ----------- ##
## Core tests. ##
## ----------- ##

configure:2525: checking for a BSD-compatible install
configure:2593: result: /usr/bin/install -c
configure:2604: checking whether build environment is sane
configure:2654: result: yes
configure:2795: checking for a thread-safe mkdir -p
configure:2834: result: /bin/mkdir -p
configure:2847: checking for gawk
configure:2877: result: no
configure:2847: checking for mawk
configure:2863: found /usr/bin/mawk
configure:2874: result: mawk
configure:2885: checking whether make sets $(MAKE)
configure:2907: result: yes
configure:3080: checking for gcc
configure:3096: found /usr/bin/gcc
configure:3107: result: gcc
configure:3336: checking for C compiler version
configure:3345: gcc --version >&5
gcc (Ubuntu/Linaro 4.6.3-1ubuntu5) 4.6.3
Copyright (C) 2011 Free Software Foundation, Inc.
This is free software; see the source for copying conditions.  There is NO
warranty; not even for MERCHANTABILITY or FITNESS FOR A PARTICULAR PURPOSE.

configure:3356: $? = 0
configure:3345: gcc -v >&5
Using built-in specs.
COLLECT_GCC=gcc
COLLECT_LTO_WRAPPER=/usr/lib/gcc/i686-linux-gnu/4.6/lto-wrapper
Target: i686-linux-gnu
Configured with: ../src/configure -v --with-pkgversion='Ubuntu/Linaro 4.6.3-1ubuntu5' --with-bugurl=file:///usr/share/doc/gcc-4.6/README.Bugs --enable-languages=c,c++,fortran,objc,obj-c++ --prefix=/usr --program-suffix=-4.6 --enable-shared --enable-linker-build-id --with-system-zlib --libexecdir=/usr/lib --without-included-gettext --enable-threads=posix --with-gxx-include-dir=/usr/include/c++/4.6 --libdir=/usr/lib --enable-nls --with-sysroot=/ --enable-clocale=gnu --enable-libstdcxx-debug --enable-libstdcxx-time=yes --enable-gnu-unique-object --enable-plugin --enable-objc-gc --enable-targets=all --disable-werror --with-arch-32=i686 --with-tune=generic --enable-checking=release --build=i686-linux-gnu --host=i686-linux-gnu --target=i686-linux-gnu
Thread model: posix
gcc version 4.6.3 (Ubuntu/Linaro 4.6.3-1ubuntu5) 
configure:3356: $? = 0
configure:3345: gcc -V >&5
gcc: error: unrecognized option '-V'
gcc: fatal error: no input files
compilation terminated.
configure:3356: $? = 4
configure:3345: gcc -qversion >&5
gcc: error: unrecognized option '-qversion'
gcc: fatal error: no input files
compilation terminated.
configure:3356: $? = 4
configure:3376: checking whether the C compiler works
configure:3398: gcc    conftest.c  >&5
configure:3402: $? = 0
configure:3451: result: yes
configure:3454: checking for C compiler default output file name
configure:3456: result: a.out
configure:3462: checking for suffix of executables
configure:3469: gcc -o conftest    conftest.c  >&5
configure:3473: $? = 0
configure:3495: result: 
configure:3517: checking whether we are cross compiling
configure:3525: gcc -o conftest    conftest.c  >&5
configure:3529: $? = 0
configure:3536: ./conftest
configure:3540: $? = 0
configure:3555: result: no
configure:3560: checking for suffix of object files
configure:3582: gcc -c   conftest.c >&5
configure:3586: $? = 0
configure:3607: result: o
configure:3611: checking whether we are using the GNU C compiler
configure:3630: gcc -c   conftest.c >&5
configure:3630: $? = 0
configure:3639: result: yes
configure:3648: checking whether gcc accepts -g
configure:3668: gcc -c -g  conftest.c >&5
configure:3668: $? = 0
configure:3709: result: yes
configure:3726: checking for gcc option to accept ISO C89
configure:3790: gcc  -c -g -O2  conftest.c >&5
configure:3790: $? = 0
configure:3803: result: none needed
configure:3834: checking for style of include used by make
configure:3862: result: GNU
configure:3887: checking dependency style of gcc
configure:3997: result: gcc3
configure:4041: checking build system type
configure:4055: result: i686-pc-linux-gnu
configure:4075: checking host system type
configure:4088: result: i686-pc-linux-gnu
configure:4108: checking for a sed that does not truncate output
configure:4172: result: /bin/sed
configure:4190: checking for grep that handles long lines and -e
configure:4248: result: /bin/grep
configure:4253: checking for egrep
configure:4315: result: /bin/grep -E
configure:4320: checking for fgrep
configure:4382: result: /bin/grep -F
configure:4417: checking for ld used by gcc
configure:4484: result: /usr/bin/ld
configure:4491: checking if the linker (/usr/bin/ld) is GNU ld
configure:4506: result: yes
configure:4518: checking for BSD- or MS-compatible name lister (nm)
configure:4567: result: /usr/bin/nm -B
configure:4685: checking the name lister (/usr/bin/nm -B) interface
configure:4692: gcc -c -g -O2  conftest.c >&5
configure:4695: /usr/bin/nm -B "conftest.o"
configure:4698: output
00000000 B some_variable
configure:4705: result: BSD nm
configure:4708: checking whether ln -s works
configure:4712: result: yes
configure:4720: checking the maximum length of command line arguments
configure:4840: result: 1572864
configure:4857: checking whether the shell understands some XSI constructs
configure:4867: result: yes
configure:4871: checking whether the shell understands "+="
configure:4877: result: yes
configure:4912: checking for /usr/bin/ld option to reload object files
configure:4919: result: -r
configure:4988: checking for objdump
configure:5004: found /usr/bin/objdump
configure:5015: result: objdump
configure:5047: checking how to recognize dependent libraries
configure:5243: result: pass_all
configure:5303: checking for ar
configure:5319: found /usr/bin/ar
configure:5330: result: ar
configure:5408: checking for strip
configure:5424: found /usr/bin/strip
configure:5435: result: strip
configure:5507: checking for ranlib
configure:5523: found /usr/bin/ranlib
configure:5534: result: ranlib
configure:5624: checking command to parse /usr/bin/nm -B output from gcc object
configure:5742: gcc -c -g -O2  conftest.c >&5
configure:5745: $? = 0
configure:5749: /usr/bin/nm -B conftest.o \| sed -n -e 's/^.*[	 ]\([ABCDGIRSTW][ABCDGIRSTW]*\)[	 ][	 ]*\([_A-Za-z][_A-Za-z0-9]*\)$/\1 \2 \2/p' \> conftest.nm
configure:5752: $? = 0
configure:5806: gcc -o conftest -g -O2   conftest.c conftstm.o >&5
configure:5809: $? = 0
configure:5847: result: ok
configure:6656: checking how to run the C preprocessor
configure:6687: gcc -E  conftest.c
configure:6687: $? = 0
configure:6701: gcc -E  conftest.c
conftest.c:11:28: fatal error: ac_nonexistent.h: No such file or directory
compilation terminated.
configure:6701: $? = 1
configure: failed program was:
| /* confdefs.h */
| #define PACKAGE_NAME "onig"
| #define PACKAGE_TARNAME "onig"
| #define PACKAGE_VERSION "5.9.3"
| #define PACKAGE_STRING "onig 5.9.3"
| #define PACKAGE_BUGREPORT ""
| #define PACKAGE_URL ""
| #define PACKAGE "onig"
| #define VERSION "5.9.3"
| /* end confdefs.h.  */
| #include <ac_nonexistent.h>
configure:6726: result: gcc -E
configure:6746: gcc -E  conftest.c
configure:6746: $? = 0
configure:6760: gcc -E  conftest.c
conftest.c:11:28: fatal error: ac_nonexistent.h: No such file or directory
compilation terminated.
configure:6760: $? = 1
configure: failed program was:
| /* confdefs.h */
| #define PACKAGE_NAME "onig"
| #define PACKAGE_TARNAME "onig"
| #define PACKAGE_VERSION "5.9.3"
| #define PACKAGE_STRING "onig 5.9.3"
| #define PACKAGE_BUGREPORT ""
| #define PACKAGE_URL ""
| #define PACKAGE "onig"
| #define VERSION "5.9.3"
| /* end confdefs.h.  */
| #include <ac_nonexistent.h>
configure:6789: checking for ANSI C header files
configure:6809: gcc -c -g -O2  conftest.c >&5
configure:6809: $? = 0
configure:6882: gcc -o conftest -g -O2   conftest.c  >&5
configure:6882: $? = 0
configure:6882: ./conftest
configure:6882: $? = 0
configure:6893: result: yes
configure:6906: checking for sys/types.h
configure:6906: gcc -c -g -O2  conftest.c >&5
configure:6906: $? = 0
configure:6906: result: yes
configure:6906: checking for sys/stat.h
configure:6906: gcc -c -g -O2  conftest.c >&5
configure:6906: $? = 0
configure:6906: result: yes
configure:6906: checking for stdlib.h
configure:6906: gcc -c -g -O2  conftest.c >&5
configure:6906: $? = 0
configure:6906: result: yes
configure:6906: checking for string.h
configure:6906: gcc -c -g -O2  conftest.c >&5
configure:6906: $? = 0
configure:6906: result: yes
configure:6906: checking for memory.h
configure:6906: gcc -c -g -O2  conftest.c >&5
configure:6906: $? = 0
configure:6906: result: yes
configure:6906: checking for strings.h
configure:6906: gcc -c -g -O2  conftest.c >&5
configure:6906: $? = 0
configure:6906: result: yes
configure:6906: checking for inttypes.h
configure:6906: gcc -c -g -O2  conftest.c >&5
configure:6906: $? = 0
configure:6906: result: yes
configure:6906: checking for stdint.h
configure:6906: gcc -c -g -O2  conftest.c >&5
configure:6906: $? = 0
configure:6906: result: yes
configure:6906: checking for unistd.h
configure:6906: gcc -c -g -O2  conftest.c >&5
configure:6906: $? = 0
configure:6906: result: yes
configure:6921: checking for dlfcn.h
configure:6921: gcc -c -g -O2  conftest.c >&5
configure:6921: $? = 0
configure:6921: result: yes
configure:7105: checking for objdir
configure:7120: result: .libs
configure:7416: checking if gcc supports -fno-rtti -fno-exceptions
configure:7434: gcc -c -g -O2  -fno-rtti -fno-exceptions conftest.c >&5
cc1: warning: command line option '-fno-rtti' is valid for C++/ObjC++ but not for C [enabled by default]
configure:7438: $? = 0
configure:7451: result: no
configure:7471: checking for gcc option to produce PIC
configure:7743: result: -fPIC -DPIC
configure:7755: checking if gcc PIC flag -fPIC -DPIC works
configure:7773: gcc -c -g -O2  -fPIC -DPIC -DPIC conftest.c >&5
configure:7777: $? = 0
configure:7790: result: yes
configure:7814: checking if gcc static flag -static works
configure:7842: result: yes
configure:7857: checking if gcc supports -c -o file.o
configure:7878: gcc -c -g -O2  -o out/conftest2.o conftest.c >&5
configure:7882: $? = 0
configure:7904: result: yes
configure:7912: checking if gcc supports -c -o file.o
configure:7959: result: yes
configure:7992: checking whether the gcc linker (/usr/bin/ld) supports shared libraries
configure:8983: result: yes
configure:9020: checking whether -lc should be explicitly linked in
configure:9025: gcc -c -g -O2  conftest.c >&5
configure:9028: $? = 0
configure:9043: gcc -shared conftest.o  -v -Wl,-soname -Wl,conftest -o conftest 2\>\&1 \| /bin/grep  -lc  \>/dev/null 2\>\&1
configure:9046: $? = 0
configure:9058: result: no
configure:9222: checking dynamic linker characteristics
configure:9655: gcc -o conftest -g -O2   -Wl,-rpath -Wl,/foo conftest.c  >&5
configure:9655: $? = 0
configure:9885: result: GNU/Linux ld.so
configure:9987: checking how to hardcode library paths into programs
configure:10012: result: immediate
configure:10532: checking whether stripping libraries is possible
configure:10537: result: yes
configure:10572: checking if libtool supports shared libraries
configure:10574: result: yes
configure:10577: checking whether to build shared libraries
configure:10598: result: yes
configure:10601: checking whether to build static libraries
configure:10605: result: yes
configure:10644: checking whether make sets $(MAKE)
configure:10666: result: yes
configure:10677: checking for ANSI C header files
configure:10781: result: yes
configure:10792: checking for stdlib.h
configure:10792: result: yes
configure:10792: checking for string.h
configure:10792: result: yes
configure:10792: checking for strings.h
configure:10792: result: yes
configure:10792: checking sys/time.h usability
configure:10792: gcc -c -g -O2  conftest.c >&5
configure:10792: $? = 0
configure:10792: result: yes
configure:10792: checking sys/time.h presence
configure:10792: gcc -E  conftest.c
configure:10792: $? = 0
configure:10792: result: yes
configure:10792: checking for sys/time.h
configure:10792: result: yes
configure:10792: checking for unistd.h
configure:10792: result: yes
configure:10792: checking sys/times.h usability
configure:10792: gcc -c -g -O2  conftest.c >&5
configure:10792: $? = 0
configure:10792: result: yes
configure:10792: checking sys/times.h presence
configure:10792: gcc -E  conftest.c
configure:10792: $? = 0
configure:10792: result: yes
configure:10792: checking for sys/times.h
configure:10792: result: yes
configure:10808: checking size of int
configure:10813: gcc -o conftest -g -O2   conftest.c  >&5
configure:10813: $? = 0
configure:10813: ./conftest
configure:10813: $? = 0
configure:10828: result: 4
configure:10842: checking size of short
configure:10847: gcc -o conftest -g -O2   conftest.c  >&5
configure:10847: $? = 0
configure:10847: ./conftest
configure:10847: $? = 0
configure:10862: result: 2
configure:10876: checking size of long
configure:10881: gcc -o conftest -g -O2   conftest.c  >&5
configure:10881: $? = 0
configure:10881: ./conftest
configure:10881: $? = 0
configure:10896: result: 4
configure:10906: checking for an ANSI C-conforming const
configure:10971: gcc -c -g -O2  conftest.c >&5
configure:10971: $? = 0
configure:10978: result: yes
configure:10986: checking whether time.h and sys/time.h may both be included
configure:11006: gcc -c -g -O2  conftest.c >&5
configure:11006: $? = 0
configure:11013: result: yes
configure:11024: checking for working alloca.h
configure:11041: gcc -o conftest -g -O2   conftest.c  >&5
configure:11041: $? = 0
configure:11049: result: yes
configure:11057: checking for alloca
configure:11094: gcc -o conftest -g -O2   conftest.c  >&5
configure:11094: $? = 0
configure:11102: result: yes
configure:11212: checking for working memcmp
configure:11255: gcc -o conftest -g -O2   conftest.c  >&5
configure:11255: $? = 0
configure:11255: ./conftest
configure:11255: $? = 0
configure:11265: result: yes
configure:11275: checking for prototypes
configure:11291: gcc -c -g -O2  conftest.c >&5
configure:11291: $? = 0
configure:11298: result: yes
configure:11306: checking for variable length prototypes and stdarg.h
configure:11332: gcc -c -g -O2  conftest.c >&5
configure:11332: $? = 0
configure:11339: result: yes
configure:11470: creating ./config.status

## ---------------------- ##
## Running config.status. ##
## ---------------------- ##

This file was extended by onig config.status 5.9.3, which was
generated by GNU Autoconf 2.65.  Invocation command line was

  CONFIG_FILES    = 
  CONFIG_HEADERS  = 
  CONFIG_LINKS    = 
  CONFIG_COMMANDS = 
  $ ./config.status 

on sylphs

config.status:1084: creating Makefile
config.status:1084: creating onig-config
config.status:1084: creating sample/Makefile
config.status:1084: creating config.h
config.status:1304: executing depfiles commands
config.status:1304: executing libtool commands
config.status:1304: executing default commands

## ---------------- ##
## Cache variables. ##
## ---------------- ##

_cv_have_prototypes=yes
_cv_stdarg=yes
ac_cv_build=i686-pc-linux-gnu
ac_cv_c_compiler_gnu=yes
ac_cv_c_const=yes
ac_cv_env_CC_set=
ac_cv_env_CC_value=
ac_cv_env_CFLAGS_set=
ac_cv_env_CFLAGS_value=
ac_cv_env_CPPFLAGS_set=
ac_cv_env_CPPFLAGS_value=
ac_cv_env_CPP_set=
ac_cv_env_CPP_value=
ac_cv_env_LDFLAGS_set=
ac_cv_env_LDFLAGS_value=
ac_cv_env_LIBS_set=
ac_cv_env_LIBS_value=
ac_cv_env_build_alias_set=
ac_cv_env_build_alias_value=
ac_cv_env_host_alias_set=
ac_cv_env_host_alias_value=
ac_cv_env_target_alias_set=
ac_cv_env_target_alias_value=
ac_cv_func_alloca_works=yes
ac_cv_func_memcmp_working=yes
ac_cv_header_dlfcn_h=yes
ac_cv_header_inttypes_h=yes
ac_cv_header_memory_h=yes
ac_cv_header_stdc=yes
ac_cv_header_stdint_h=yes
ac_cv_header_stdlib_h=yes
ac_cv_header_string_h=yes
ac_cv_header_strings_h=yes
ac_cv_header_sys_stat_h=yes
ac_cv_header_sys_time_h=yes
ac_cv_header_sys_times_h=yes
ac_cv_header_sys_types_h=yes
ac_cv_header_time=yes
ac_cv_header_unistd_h=yes
ac_cv_host=i686-pc-linux-gnu
ac_cv_objext=o
ac_cv_path_EGREP='/bin/grep -E'
ac_cv_path_FGREP='/bin/grep -F'
ac_cv_path_GREP=/bin/grep
ac_cv_path_SED=/bin/sed
ac_cv_path_install='/usr/bin/install -c'
ac_cv_path_mkdir=/bin/mkdir
ac_cv_prog_AWK=mawk
ac_cv_prog_CPP='gcc -E'
ac_cv_prog_ac_ct_AR=ar
ac_cv_prog_ac_ct_CC=gcc
ac_cv_prog_ac_ct_OBJDUMP=objdump
ac_cv_prog_ac_ct_RANLIB=ranlib
ac_cv_prog_ac_ct_STRIP=strip
ac_cv_prog_cc_c89=
ac_cv_prog_cc_g=yes
ac_cv_prog_make_make_set=yes
ac_cv_sizeof_int=4
ac_cv_sizeof_long=4
ac_cv_sizeof_short=2
ac_cv_working_alloca_h=yes
am_cv_CC_dependencies_compiler_type=gcc3
lt_cv_deplibs_check_method=pass_all
lt_cv_file_magic_cmd='$MAGIC_CMD'
lt_cv_file_magic_test_file=
lt_cv_ld_reload_flag=-r
lt_cv_nm_interface='BSD nm'
lt_cv_objdir=.libs
lt_cv_path_LD=/usr/bin/ld
lt_cv_path_NM='/usr/bin/nm -B'
lt_cv_prog_compiler_c_o=yes
lt_cv_prog_compiler_pic_works=yes
lt_cv_prog_compiler_rtti_exceptions=no
lt_cv_prog_compiler_static_works=yes
lt_cv_prog_gnu_ld=yes
lt_cv_sys_global_symbol_pipe='sed -n -e '\''s/^.*[	 ]\([ABCDGIRSTW][ABCDGIRSTW]*\)[	 ][	 ]*\([_A-Za-z][_A-Za-z0-9]*\)$/\1 \2 \2/p'\'''
lt_cv_sys_global_symbol_to_c_name_address='sed -n -e '\''s/^: \([^ ]*\) $/  {\"\1\", (void *) 0},/p'\'' -e '\''s/^[ABCDGIRSTW]* \([^ ]*\) \([^ ]*\)$/  {"\2", (void *) \&\2},/p'\'''
lt_cv_sys_global_symbol_to_c_name_address_lib_prefix='sed -n -e '\''s/^: \([^ ]*\) $/  {\"\1\", (void *) 0},/p'\'' -e '\''s/^[ABCDGIRSTW]* \([^ ]*\) \(lib[^ ]*\)$/  {"\2", (void *) \&\2},/p'\'' -e '\''s/^[ABCDGIRSTW]* \([^ ]*\) \([^ ]*\)$/  {"lib\2", (void *) \&\2},/p'\'''
lt_cv_sys_global_symbol_to_cdecl='sed -n -e '\''s/^T .* \(.*\)$/extern int \1();/p'\'' -e '\''s/^[ABCDGIRSTW]* .* \(.*\)$/extern char \1;/p'\'''
lt_cv_sys_max_cmd_len=1572864

## ----------------- ##
## Output variables. ##
## ----------------- ##

ACLOCAL='${SHELL} /home/sylphs/develop/fxref/src/vender/onig/missing --run aclocal-1.11'
ALLOCA=''
AMDEPBACKSLASH='\'
AMDEP_FALSE='#'
AMDEP_TRUE=''
AMTAR='${SHELL} /home/sylphs/develop/fxref/src/vender/onig/missing --run tar'
AR='ar'
AUTOCONF='${SHELL} /home/sylphs/develop/fxref/src/vender/onig/missing --run autoconf'
AUTOHEADER='${SHELL} /home/sylphs/develop/fxref/src/vender/onig/missing --run autoheader'
AUTOMAKE='${SHELL} /home/sylphs/develop/fxref/src/vender/onig/missing --run automake-1.11'
AWK='mawk'
CC='gcc'
CCDEPMODE='depmode=gcc3'
CFLAGS='-g -O2'
CPP='gcc -E'
CPPFLAGS=''
CYGPATH_W='echo'
DEFS='-DHAVE_CONFIG_H'
DEPDIR='.deps'
DSYMUTIL=''
DUMPBIN=''
ECHO_C=''
ECHO_N='-n'
ECHO_T=''
EGREP='/bin/grep -E'
EXEEXT=''
FGREP='/bin/grep -F'
GREP='/bin/grep'
INSTALL_DATA='${INSTALL} -m 644'
INSTALL_PROGRAM='${INSTALL}'
INSTALL_SCRIPT='${INSTALL}'
INSTALL_STRIP_PROGRAM='$(install_sh) -c -s'
LD='/usr/bin/ld'
LDFLAGS=''
LIBOBJS=''
LIBS=''
LIBTOOL='$(SHELL) $(top_builddir)/libtool'
LIPO=''
LN_S='ln -s'
LTLIBOBJS=''
LTVERSION='2:0:0'
MAKEINFO='${SHELL} /home/sylphs/develop/fxref/src/vender/onig/missing --run makeinfo'
MKDIR_P='/bin/mkdir -p'
NM='/usr/bin/nm -B'
NMEDIT=''
OBJDUMP='objdump'
OBJEXT='o'
OTOOL64=''
OTOOL=''
PACKAGE='onig'
PACKAGE_BUGREPORT=''
PACKAGE_NAME='onig'
PACKAGE_STRING='onig 5.9.3'
PACKAGE_TARNAME='onig'
PACKAGE_URL=''
PACKAGE_VERSION='5.9.3'
PATH_SEPARATOR=':'
RANLIB='ranlib'
RUBYDIR='..'
SED='/bin/sed'
SET_MAKE=''
SHELL='/bin/bash'
STATISTICS=''
STRIP='strip'
VERSION='5.9.3'
ac_ct_CC='gcc'
ac_ct_DUMPBIN=''
am__EXEEXT_FALSE=''
am__EXEEXT_TRUE='#'
am__fastdepCC_FALSE='#'
am__fastdepCC_TRUE=''
am__include='include'
am__isrc=''
am__leading_dot='.'
am__quote=''
am__tar='${AMTAR} chof - "$$tardir"'
am__untar='${AMTAR} xf -'
bindir='${exec_prefix}/bin'
build='i686-pc-linux-gnu'
build_alias=''
build_cpu='i686'
build_os='linux-gnu'
build_vendor='pc'
datadir='${datarootdir}'
datarootdir='${prefix}/share'
docdir='${datarootdir}/doc/${PACKAGE_TARNAME}'
dvidir='${docdir}'
exec_prefix='${prefix}'
host='i686-pc-linux-gnu'
host_alias=''
host_cpu='i686'
host_os='linux-gnu'
host_vendor='pc'
htmldir='${docdir}'
includedir='${prefix}/include'
infodir='${datarootdir}/info'
install_sh='${SHELL} /home/sylphs/develop/fxref/src/vender/onig/install-sh'
libdir='${exec_prefix}/lib'
libexecdir='${exec_prefix}/libexec'
localedir='${datarootdir}/locale'
localstatedir='${prefix}/var'
lt_ECHO='echo'
mandir='${datarootdir}/man'
mkdir_p='/bin/mkdir -p'
oldincludedir='/usr/include'
pdfdir='${docdir}'
prefix='/usr/local'
program_transform_name='s,x,x,'
psdir='${docdir}'
sbindir='${exec_prefix}/sbin'
sharedstatedir='${prefix}/com'
sysconfdir='${prefix}/etc'
target_alias=''

## ----------- ##
## confdefs.h. ##
## ----------- ##

/* confdefs.h */
#define PACKAGE_NAME "onig"
#define PACKAGE_TARNAME "onig"
#define PACKAGE_VERSION "5.9.3"
#define PACKAGE_STRING "onig 5.9.3"
#define PACKAGE_BUGREPORT ""
#define PACKAGE_URL ""
#define PACKAGE "onig"
#define VERSION "5.9.3"
#define STDC_HEADERS 1
#define HAVE_SYS_TYPES_H 1
#define HAVE_SYS_STAT_H 1
#define HAVE_STDLIB_H 1
#define HAVE_STRING_H 1
#define HAVE_MEMORY_H 1
#define HAVE_STRINGS_H 1
#define HAVE_INTTYPES_H 1
#define HAVE_STDINT_H 1
#define HAVE_UNISTD_H 1
#define HAVE_DLFCN_H 1
#define LT_OBJDIR ".libs/"
#define STDC_HEADERS 1
#define HAVE_STDLIB_H 1
#define HAVE_STRING_H 1
#define HAVE_STRINGS_H 1
#define HAVE_SYS_TIME_H 1
#define HAVE_UNISTD_H 1
#define HAVE_SYS_TIMES_H 1
#define SIZEOF_INT 4
#define SIZEOF_SHORT 2
#define SIZEOF_LONG 4
#define TIME_WITH_SYS_TIME 1
#define HAVE_ALLOCA_H 1
#define HAVE_ALLOCA 1
#define HAVE_PROTOTYPES 1
#define HAVE_STDARG_PROTOTYPES 1

configure: exit 0
